<?xml version="1.0" encoding="UTF-8"?>
<!-- Generated by org.testng.reporters.JUnitReportReporter -->
<testsuite hostname="Maribels-MacBook-Pro.local" failures="0" tests="2" name="Test_Weather_GET" time="2.609" errors="0" timestamp="2023-02-22T08:50:41 MST" skipped="0">
  <testcase classname="Test_Weather_GET" name="get_weather" time="1.555"/>
  <system-out/>
  <testcase classname="Test_Weather_GET" name="testGetWeather" time="1.054"/>
  <system-out/>
</testsuite> <!-- Test_Weather_GET -->
