<?xml version="1.0" encoding="UTF-8"?>
<!-- Generated by org.testng.reporters.JUnitReportReporter -->
<testsuite hostname="Maribels-MacBook-Pro.local" failures="0" tests="1" name="Test_Example_GET" time="1.880" errors="0" timestamp="2023-02-23T19:30:10 MST" skipped="0">
  <testcase classname="Test_Example_GET" name="testGetBook" time="1.880"/>
  <system-out/>
</testsuite> <!-- Test_Example_GET -->
